<?xml version="1.0" encoding="UTF-8"?>
<testng-results skipped="0" failed="0" ignored="0" total="1" passed="1">
  <reporter-output>
  </reporter-output>
  <suite name="Default suite" duration-ms="26962" started-at="2023-12-28T15:22:27 IST" finished-at="2023-12-28T15:22:53 IST">
    <groups>
    </groups>
    <test name="Default test" duration-ms="26962" started-at="2023-12-28T15:22:27 IST" finished-at="2023-12-28T15:22:53 IST">
      <class name="test1.RunTimeParameter_Test">
        <test-method status="PASS" signature="launch()[pri:0, instance:test1.RunTimeParameter_Test@13c27452]" name="launch" duration-ms="26856" started-at="2023-12-28T15:22:27 IST" finished-at="2023-12-28T15:22:53 IST">
          <reporter-output>
          </reporter-output>
        </test-method> <!-- launch -->
      </class> <!-- test1.RunTimeParameter_Test -->
    </test> <!-- Default test -->
  </suite> <!-- Default suite -->
</testng-results>
